17:03:38: Creating resource group General
17:03:38: Creating resource group Internal
17:03:38: Creating resource group Autodetect
17:03:38: SceneManagerFactory for type 'DefaultSceneManager' registered.
17:03:38: Registering ResourceManager for type Material
17:03:38: Registering ResourceManager for type Mesh
17:03:38: Registering ResourceManager for type Skeleton
17:03:38: MovableObjectFactory for type 'ParticleSystem' registered.
17:03:38: OverlayElementFactory for type Panel registered.
17:03:38: OverlayElementFactory for type BorderPanel registered.
17:03:38: OverlayElementFactory for type TextArea registered.
17:03:38: Registering ResourceManager for type Font
17:03:38: ArchiveFactory for archive type FileSystem registered.
17:03:38: ArchiveFactory for archive type Zip registered.
17:03:38: DDS codec registering
17:03:38: FreeImage version: 3.13.1
17:03:38: This program uses FreeImage, a free, open source image library supporting all common bitmap formats. See http://freeimage.sourceforge.net for details
17:03:38: Supported formats: bmp,ico,jpg,jif,jpeg,jpe,jng,koa,iff,lbm,mng,pbm,pbm,pcd,pcx,pgm,pgm,png,ppm,ppm,ras,tga,targa,tif,tiff,wap,wbmp,wbm,psd,cut,xbm,xpm,gif,hdr,g3,sgi,exr,j2k,j2c,jp2,pfm,pct,pict,pic,bay,bmq,cr2,crw,cs1,dc2,dcr,dng,erf,fff,hdr,k25,kdc,mdc,mos,mrw,nef,orf,pef,pxn,raf,raw,rdc,sr2,srf,arw,3fr,cine,ia,kc2,mef,nrw,qtk,rw2,sti,drf,dsc,ptx,cap,iiq,rwz
17:03:38: Registering ResourceManager for type HighLevelGpuProgram
17:03:38: Registering ResourceManager for type Compositor
17:03:38: MovableObjectFactory for type 'Entity' registered.
17:03:38: MovableObjectFactory for type 'Light' registered.
17:03:38: MovableObjectFactory for type 'BillboardSet' registered.
17:03:38: MovableObjectFactory for type 'ManualObject' registered.
17:03:38: MovableObjectFactory for type 'BillboardChain' registered.
17:03:38: MovableObjectFactory for type 'RibbonTrail' registered.
17:03:38: OGRE EXCEPTION(6:FileNotFoundException): 'plugins.cfg' file not found! in ConfigFile::load at .\src\OgreConfigFile.cpp (line 83)
17:03:38: plugins.cfg not found, automatic plugin loading disabled.
17:03:38: *-*-* OGRE Initialising
17:03:38: *-*-* Version 1.7.2 (Cthugha)
17:03:38: OGRE EXCEPTION(6:FileNotFoundException): 'resources.cfg' file not found! in ConfigFile::load at .\src\OgreConfigFile.cpp (line 83)
17:03:41: *-*-* OGRE Shutdown
17:03:41: Unregistering ResourceManager for type Compositor
17:03:41: Unregistering ResourceManager for type Font
17:03:41: Unregistering ResourceManager for type Skeleton
17:03:41: Unregistering ResourceManager for type Mesh
17:03:41: Unregistering ResourceManager for type HighLevelGpuProgram
17:03:41: Unregistering ResourceManager for type Material
